<!DOCTYPE html PUBLIC "-//W3C//DTD XHTML 1.1//EN" "https://www.w3.org/TR/xhtml11/DTD/xhtml11.dtd">
<html xmlns="https://www.w3.org/1999/xhtml">
<head>
<meta http-equiv="content-type" content="text/html; charset=UTF-8"/>
<title>TestNG Report</title>
<style type="text/css">table {margin-bottom:10px;border-collapse:collapse;empty-cells:show}th,td {border:1px solid #009;padding:.25em .5em}th {vertical-align:bottom}td {vertical-align:top}table a {font-weight:bold}.stripe td {background-color: #E6EBF9}.num {text-align:right}.passedodd td {background-color: #3F3}.passedeven td {background-color: #0A0}.skippedodd td {background-color: #DDD}.skippedeven td {background-color: #CCC}.failedodd td,.attn {background-color: #F33}.failedeven td,.stripe .attn {background-color: #D00}.stacktrace {white-space:pre;font-family:monospace}.totop {font-size:85%;text-align:center;border-bottom:2px solid #000}.invisible {display:none}</style>
</head>
<body>
<table>
<tr><th>Test</th><th># Passed</th><th># Skipped</th><th># Retried</th><th># Failed</th><th>Time (ms)</th><th>Included Groups</th><th>Excluded Groups</th></tr>
<tr><th colspan="8">restassuredsuites</th></tr>
<tr><td><a href="#t0">restassuredtests</a></td><td class="num">6</td><td class="num attn">2</td><td class="num">0</td><td class="num attn">6</td><td class="num">19,408</td><td></td><td></td></tr>
</table>
<table id='summary'><thead><tr><th>Class</th><th>Method</th><th>Start</th><th>Time (ms)</th></tr></thead><tbody><tr><th colspan="4">restassuredsuites</th></tr></tbody><tbody id="t0"><tr><th colspan="4">restassuredtests &#8212; failed (configuration methods)</th></tr><tr class="failedeven"><td rowspan="1">com.restassuredautomation.testcases.TC005_DELETE_Employee</td><td><a href="#m0">deleteEmployee</a></td><td rowspan="1">1658662172212</td><td rowspan="1">1</td></tr><tr><th colspan="4">restassuredtests &#8212; failed</th></tr><tr class="failedeven"><td rowspan="2">com.restassuredautomation.testcases.TC001_GET_AllEmployee</td><td><a href="#m1">checkResponseCode</a></td><td rowspan="1">1658662155708</td><td rowspan="1">1</td></tr><tr class="failedeven"><td><a href="#m2">getStatusLine</a></td><td rowspan="1">1658662155713</td><td rowspan="1">1</td></tr><tr class="failedodd"><td rowspan="1">com.restassuredautomation.testcases.TC002_GET_Single_Employee_Data</td><td><a href="#m3">checkResponseCode</a></td><td rowspan="1">1658662159731</td><td rowspan="1">1</td></tr><tr class="failedeven"><td rowspan="1">com.restassuredautomation.testcases.TC003_POST_Create_Employee</td><td><a href="#m4">checkResponseBody</a></td><td rowspan="1">1658662165801</td><td rowspan="1">4</td></tr><tr class="failedodd"><td rowspan="2">com.restassuredautomation.testcases.TC004_PUT_UpdateEmployee</td><td><a href="#m5">checkResponseBody</a></td><td rowspan="1">1658662172205</td><td rowspan="1">3</td></tr><tr class="failedodd"><td><a href="#m6">checkStatusCode</a></td><td rowspan="1">1658662172210</td><td rowspan="1">1</td></tr><tr><th colspan="4">restassuredtests &#8212; skipped (configuration methods)</th></tr><tr class="skippedeven"><td rowspan="1">com.restassuredautomation.testcases.TC005_DELETE_Employee</td><td><a href="#m7">tearDown</a></td><td rowspan="1">1658662172218</td><td rowspan="1">-1658662172218</td></tr><tr><th colspan="4">restassuredtests &#8212; skipped</th></tr><tr class="skippedeven"><td rowspan="2">com.restassuredautomation.testcases.TC005_DELETE_Employee</td><td><a href="#m8">checkResponseBody</a></td><td rowspan="1">1658662172215</td><td rowspan="1">0</td></tr><tr class="skippedeven"><td><a href="#m9">checkStatusCode</a></td><td rowspan="1">1658662172217</td><td rowspan="1">0</td></tr><tr><th colspan="4">restassuredtests &#8212; passed</th></tr><tr class="passedeven"><td rowspan="4">com.restassuredautomation.testcases.TC001_GET_AllEmployee</td><td><a href="#m10">checkContaintType</a></td><td rowspan="1">1658662155676</td><td rowspan="1">7</td></tr><tr class="passedeven"><td><a href="#m11">checkCookies</a></td><td rowspan="1">1658662155688</td><td rowspan="1">0</td></tr><tr class="passedeven"><td><a href="#m12">checkResponseBody</a></td><td rowspan="1">1658662155689</td><td rowspan="1">19</td></tr><tr class="passedeven"><td><a href="#m13">checkResponseTime</a></td><td rowspan="1">1658662155711</td><td rowspan="1">1</td></tr><tr class="passedodd"><td rowspan="1">com.restassuredautomation.testcases.TC002_GET_Single_Employee_Data</td><td><a href="#m14">checkResponseBody</a></td><td rowspan="1">1658662159726</td><td rowspan="1">4</td></tr><tr class="passedeven"><td rowspan="1">com.restassuredautomation.testcases.TC003_POST_Create_Employee</td><td><a href="#m15">checkStatusCode</a></td><td rowspan="1">1658662165808</td><td rowspan="1">0</td></tr></tbody>
</table>
<h2>restassuredtests</h2><h3 id="m0">com.restassuredautomation.testcases.TC005_DELETE_Employee#deleteEmployee</h3><table class="result"><tr><th>Exception</th></tr><tr><td><div class="stacktrace">io.restassured.path.json.exception.JsonPathException: Failed to parse the JSON document
	at io.restassured.path.json.JsonPath$ExceptionCatcher.invoke(JsonPath.java:1002)
	at io.restassured.path.json.JsonPath$4.doParseWith(JsonPath.java:967)
	at io.restassured.path.json.JsonPath$JsonParser.parseWith(JsonPath.java:1047)
	at io.restassured.path.json.JsonPath.get(JsonPath.java:202)
	at com.restassuredautomation.testcases.TC005_DELETE_Employee.deleteEmployee(TC005_DELETE_Employee.java:27)
	at java.base/java.util.ArrayList.forEach(ArrayList.java:1541)
Caused by: groovy.json.JsonException: Lexing failed on line: 1, column: 1, while reading &apos;&lt;&apos;, no possible valid JSON value or punctuation could be recognized.
	at groovy.json.JsonLexer.nextToken(JsonLexer.java:86)
	at groovy.json.JsonLexer$nextToken.call(Unknown Source)
	at io.restassured.internal.path.json.ConfigurableJsonSlurper.parse(ConfigurableJsonSlurper.groovy:97)
	at io.restassured.internal.path.json.ConfigurableJsonSlurper$parse.callCurrent(Unknown Source)
	at io.restassured.internal.path.json.ConfigurableJsonSlurper.parseText(ConfigurableJsonSlurper.groovy:83)
	at io.restassured.path.json.JsonPath$4$1.method(JsonPath.java:965)
	at io.restassured.path.json.JsonPath$ExceptionCatcher.invoke(JsonPath.java:1000)
	... 30 more
... Removed 25 stack frames</div></td></tr></table><p class="totop"><a href="#summary">back to summary</a></p>
<h3 id="m1">com.restassuredautomation.testcases.TC001_GET_AllEmployee#checkResponseCode</h3><table class="result"><tr><th>Exception</th></tr><tr><td><div class="stacktrace">java.lang.AssertionError: expected [200] but found [429]
	at com.restassuredautomation.testcases.TC001_GET_AllEmployee.checkResponseCode(TC001_GET_AllEmployee.java:48)
	at java.base/java.util.ArrayList.forEach(ArrayList.java:1541)
... Removed 33 stack frames</div></td></tr></table><p class="totop"><a href="#summary">back to summary</a></p>
<h3 id="m2">com.restassuredautomation.testcases.TC001_GET_AllEmployee#getStatusLine</h3><table class="result"><tr><th>Exception</th></tr><tr><td><div class="stacktrace">java.lang.AssertionError: expected [HTTP/1.1 200 OK] but found [HTTP/1.1 429 Too Many Requests]
	at com.restassuredautomation.testcases.TC001_GET_AllEmployee.getStatusLine(TC001_GET_AllEmployee.java:75)
	at java.base/java.util.ArrayList.forEach(ArrayList.java:1541)
... Removed 33 stack frames</div></td></tr></table><p class="totop"><a href="#summary">back to summary</a></p>
<h3 id="m3">com.restassuredautomation.testcases.TC002_GET_Single_Employee_Data#checkResponseCode</h3><table class="result"><tr><th>Exception</th></tr><tr><td><div class="stacktrace">java.lang.AssertionError: expected [200] but found [429]
	at com.restassuredautomation.testcases.TC002_GET_Single_Employee_Data.checkResponseCode(TC002_GET_Single_Employee_Data.java:33)
	at java.base/java.util.ArrayList.forEach(ArrayList.java:1541)
... Removed 33 stack frames</div></td></tr></table><p class="totop"><a href="#summary">back to summary</a></p>
<h3 id="m4">com.restassuredautomation.testcases.TC003_POST_Create_Employee#checkResponseBody</h3><table class="result"><tr><th>Exception</th></tr><tr><td><div class="stacktrace">java.lang.AssertionError: expected [true] but found [{&quot;status&quot;:&quot;success&quot;,&quot;data&quot;:{&quot;name&quot;:&quot;Johnu&quot;,&quot;salary&quot;:&quot;yvyzk&quot;,&quot;age&quot;:&quot;LR&quot;,&quot;id&quot;:5916},&quot;message&quot;:&quot;Successfully! Record has been added.&quot;}Johnu]
	at com.restassuredautomation.testcases.TC003_POST_Create_Employee.checkResponseBody(TC003_POST_Create_Employee.java:52)
	at java.base/java.util.ArrayList.forEach(ArrayList.java:1541)
... Removed 32 stack frames</div></td></tr></table><p class="totop"><a href="#summary">back to summary</a></p>
<h3 id="m5">com.restassuredautomation.testcases.TC004_PUT_UpdateEmployee#checkResponseBody</h3><table class="result"><tr><th>Exception</th></tr><tr><td><div class="stacktrace">java.lang.AssertionError: expected [true] but found [&lt;!DOCTYPE html&gt;
&lt;html&gt;
&lt;head&gt;
    &lt;meta charset=&quot;UTF-8&quot; /&gt;
    &lt;meta name=&quot;robots&quot; content=&quot;noindex,nofollow,noarchive&quot; /&gt;
    &lt;title&gt;An Error Occurred: Method Not Allowed&lt;/title&gt;
    &lt;style&gt;body { background-color: #fff; color: #222; font: 16px/1.5 -apple-system, BlinkMacSystemFont, &quot;Segoe UI&quot;, Roboto, &quot;Helvetica Neue&quot;, Arial, sans-serif; margin: 0; }
.container { margin: 30px; max-width: 600px; }
h1 { color: #dc3545; font-size: 24px; }
h2 { font-size: 18px; }&lt;/style&gt;
&lt;/head&gt;
&lt;body&gt;
&lt;div class=&quot;container&quot;&gt;
    &lt;h1&gt;Oops! An Error Occurred&lt;/h1&gt;
    &lt;h2&gt;The server returned a &quot;405 Method Not Allowed&quot;.&lt;/h2&gt;

    &lt;p&gt;
        Something is broken. Please let us know what you were doing when this error occurred.
        We will fix it as soon as possible. Sorry for any inconvenience caused.
    &lt;/p&gt;
&lt;/div&gt;
&lt;/body&gt;
&lt;/html&gt;JohnS]
	at com.restassuredautomation.testcases.TC004_PUT_UpdateEmployee.checkResponseBody(TC004_PUT_UpdateEmployee.java:61)
	at java.base/java.util.ArrayList.forEach(ArrayList.java:1541)
... Removed 32 stack frames</div></td></tr></table><p class="totop"><a href="#summary">back to summary</a></p>
<h3 id="m6">com.restassuredautomation.testcases.TC004_PUT_UpdateEmployee#checkStatusCode</h3><table class="result"><tr><th>Exception</th></tr><tr><td><div class="stacktrace">java.lang.AssertionError: expected [200] but found [405]
	at com.restassuredautomation.testcases.TC004_PUT_UpdateEmployee.checkStatusCode(TC004_PUT_UpdateEmployee.java:72)
	at java.base/java.util.ArrayList.forEach(ArrayList.java:1541)
... Removed 33 stack frames</div></td></tr></table><p class="totop"><a href="#summary">back to summary</a></p>
<h3 id="m7">com.restassuredautomation.testcases.TC005_DELETE_Employee#tearDown</h3><table class="result"><tr><th class="invisible"/></tr></table><p class="totop"><a href="#summary">back to summary</a></p>
<h3 id="m8">com.restassuredautomation.testcases.TC005_DELETE_Employee#checkResponseBody</h3><table class="result"><tr><th>Exception</th></tr><tr><td><div class="stacktrace">io.restassured.path.json.exception.JsonPathException: Failed to parse the JSON document
	at io.restassured.path.json.JsonPath$ExceptionCatcher.invoke(JsonPath.java:1002)
	at io.restassured.path.json.JsonPath$4.doParseWith(JsonPath.java:967)
	at io.restassured.path.json.JsonPath$JsonParser.parseWith(JsonPath.java:1047)
	at io.restassured.path.json.JsonPath.get(JsonPath.java:202)
	at com.restassuredautomation.testcases.TC005_DELETE_Employee.deleteEmployee(TC005_DELETE_Employee.java:27)
	at java.base/java.util.ArrayList.forEach(ArrayList.java:1541)
Caused by: groovy.json.JsonException: Lexing failed on line: 1, column: 1, while reading &apos;&lt;&apos;, no possible valid JSON value or punctuation could be recognized.
	at groovy.json.JsonLexer.nextToken(JsonLexer.java:86)
	at groovy.json.JsonLexer$nextToken.call(Unknown Source)
	at io.restassured.internal.path.json.ConfigurableJsonSlurper.parse(ConfigurableJsonSlurper.groovy:97)
	at io.restassured.internal.path.json.ConfigurableJsonSlurper$parse.callCurrent(Unknown Source)
	at io.restassured.internal.path.json.ConfigurableJsonSlurper.parseText(ConfigurableJsonSlurper.groovy:83)
	at io.restassured.path.json.JsonPath$4$1.method(JsonPath.java:965)
	at io.restassured.path.json.JsonPath$ExceptionCatcher.invoke(JsonPath.java:1000)
	... 30 more
... Removed 25 stack frames</div></td></tr></table><p class="totop"><a href="#summary">back to summary</a></p>
<h3 id="m9">com.restassuredautomation.testcases.TC005_DELETE_Employee#checkStatusCode</h3><table class="result"><tr><th>Exception</th></tr><tr><td><div class="stacktrace">io.restassured.path.json.exception.JsonPathException: Failed to parse the JSON document
	at io.restassured.path.json.JsonPath$ExceptionCatcher.invoke(JsonPath.java:1002)
	at io.restassured.path.json.JsonPath$4.doParseWith(JsonPath.java:967)
	at io.restassured.path.json.JsonPath$JsonParser.parseWith(JsonPath.java:1047)
	at io.restassured.path.json.JsonPath.get(JsonPath.java:202)
	at com.restassuredautomation.testcases.TC005_DELETE_Employee.deleteEmployee(TC005_DELETE_Employee.java:27)
	at java.base/java.util.ArrayList.forEach(ArrayList.java:1541)
Caused by: groovy.json.JsonException: Lexing failed on line: 1, column: 1, while reading &apos;&lt;&apos;, no possible valid JSON value or punctuation could be recognized.
	at groovy.json.JsonLexer.nextToken(JsonLexer.java:86)
	at groovy.json.JsonLexer$nextToken.call(Unknown Source)
	at io.restassured.internal.path.json.ConfigurableJsonSlurper.parse(ConfigurableJsonSlurper.groovy:97)
	at io.restassured.internal.path.json.ConfigurableJsonSlurper$parse.callCurrent(Unknown Source)
	at io.restassured.internal.path.json.ConfigurableJsonSlurper.parseText(ConfigurableJsonSlurper.groovy:83)
	at io.restassured.path.json.JsonPath$4$1.method(JsonPath.java:965)
	at io.restassured.path.json.JsonPath$ExceptionCatcher.invoke(JsonPath.java:1000)
	... 30 more
... Removed 25 stack frames</div></td></tr></table><p class="totop"><a href="#summary">back to summary</a></p>
<h3 id="m10">com.restassuredautomation.testcases.TC001_GET_AllEmployee#checkContaintType</h3><table class="result"><tr><th class="invisible"/></tr></table><p class="totop"><a href="#summary">back to summary</a></p>
<h3 id="m11">com.restassuredautomation.testcases.TC001_GET_AllEmployee#checkCookies</h3><table class="result"><tr><th class="invisible"/></tr></table><p class="totop"><a href="#summary">back to summary</a></p>
<h3 id="m12">com.restassuredautomation.testcases.TC001_GET_AllEmployee#checkResponseBody</h3><table class="result"><tr><th class="invisible"/></tr></table><p class="totop"><a href="#summary">back to summary</a></p>
<h3 id="m13">com.restassuredautomation.testcases.TC001_GET_AllEmployee#checkResponseTime</h3><table class="result"><tr><th class="invisible"/></tr></table><p class="totop"><a href="#summary">back to summary</a></p>
<h3 id="m14">com.restassuredautomation.testcases.TC002_GET_Single_Employee_Data#checkResponseBody</h3><table class="result"><tr><th class="invisible"/></tr></table><p class="totop"><a href="#summary">back to summary</a></p>
<h3 id="m15">com.restassuredautomation.testcases.TC003_POST_Create_Employee#checkStatusCode</h3><table class="result"><tr><th class="invisible"/></tr></table><p class="totop"><a href="#summary">back to summary</a></p>
</body>
</html>
